[02.09.2024 01:54:18 | INFO]: Adding job tentatively -- it will be properly scheduled when the scheduler starts
[02.09.2024 01:54:18 | INFO]: Added job "<lambda>" to job store "default"
[02.09.2024 01:54:18 | INFO]: Scheduler started
[02.09.2024 01:54:19 | INFO]: Bot: dollowdfilm [@dollowdfilmbot]
[02.09.2024 01:54:19 | WARNING]: Updates were skipped successfully.
[02.09.2024 01:54:19 | INFO]: 🚀 Бот успешно запущен!
[02.09.2024 01:54:19 | INFO]: Start polling.
[02.09.2024 01:54:35 | INFO]: update_username | Добавление пользователя. callmes.from_user.id = 5303844536; callmes.from_user.username = 'telesozd'
[02.09.2024 01:54:35 | INFO]: start | message.chat.id = 5303844536; message.from_user.username = 'telesozd'; await state.get_data() = {}
[02.09.2024 01:54:38 | INFO]: product_calories | callback.message.chat.id = 5303844536; callback.from_user.username = 'telesozd'; callback.data = 'product_calories'
[02.09.2024 01:54:39 | INFO]: to_menu | callback.message.chat.id = 5303844536; callback.from_user.username = 'telesozd'; callback.data = 'menu'; await state.get_data() = {}
[02.09.2024 01:54:41 | INFO]: stats | callback.message.chat.id = 5303844536; callback.from_user.username = 'telesozd'; callback.data = 'stats'
[02.09.2024 01:54:43 | INFO]: count_of_users | callback.message.chat.id = 5303844536; callback.from_user.username = 'telesozd'; callback.data = 'count_of_users'
[02.09.2024 01:54:43 | INFO]: Using categorical units to plot a list of strings that are all parsable as floats or dates. If these strings should be plotted as numbers, cast to the appropriate data type before plotting.
[02.09.2024 01:54:43 | INFO]: Using categorical units to plot a list of strings that are all parsable as floats or dates. If these strings should be plotted as numbers, cast to the appropriate data type before plotting.
[02.09.2024 01:54:48 | INFO]: to_menu_photo | callback.message.chat.id = 5303844536; callback.from_user.username = 'telesozd'; callback.data = 'stats_photo'
[02.09.2024 01:54:50 | INFO]: to_menu | callback.message.chat.id = 5303844536; callback.from_user.username = 'telesozd'; callback.data = 'menu'; await state.get_data() = {}
[02.09.2024 01:54:52 | INFO]: person_calories | callmes.message.chat.id = 5303844536; callmes.from_user.username = 'telesozd'; callmes.data = 'person_calories'
[02.09.2024 01:54:54 | INFO]: calories_count | callmes.message.chat.id = 5303844536; callmes.from_user.username = 'telesozd'; callmes.data = 'calories_count'; await state.get_data() = {}
[02.09.2024 01:54:54 | INFO]: CreateOrEditProfile.start | message.chat.id = 5303844536; message.from_user.username = 'dollowdfilmbot'; func = <function after_calories_count at 0x0000015308CAFB00>; start = 1; await state.get_state() = None; await state.get_data() = {}
[02.09.2024 01:54:56 | INFO]: CreateOrEditProfile.get_height | message.chat.id = 5303844536; message.from_user.username = 'telesozd'; await state.get_state() = 'CreateOrEditProfileStatesGroup:height'; await state.get_data() = {'start': 1, 'func': <function after_calories_count at 0x0000015308CAFB00>}
[02.09.2024 01:54:56 | INFO]: CreateOrEditProfile.cancel | Пользователь нажал "Отмена"; message.chat.id = 5303844536; message.from_user.username = 'telesozd'; await state.get_state() = 'CreateOrEditProfileStatesGroup:height'; await state.get_data() = {'start': 1, 'func': <function after_calories_count at 0x0000015308CAFB00>}
[02.09.2024 01:54:56 | INFO]: after_calories_count | callmes.chat.id = 5303844536; callmes.from_user.username = 'dollowdfilmbot'; await state.get_data() = {}
[02.09.2024 01:54:56 | INFO]: person_calories | callmes.chat.id = 5303844536; callmes.from_user.username = 'dollowdfilmbot'
[02.09.2024 01:54:56 | INFO]: send_mailing | Не админ; chat_id = 5303844536; user_id = 1; mailing = None
[02.09.2024 01:54:57 | INFO]: imt_count | callmes.message.chat.id = 5303844536; callmes.from_user.username = 'telesozd'; callmes.data = 'imt_count'; await state.get_data() = {}
[02.09.2024 01:54:57 | INFO]: CreateOrEditProfile.start | message.chat.id = 5303844536; message.from_user.username = 'dollowdfilmbot'; func = <function after_imt_count at 0x0000015308CAFEC0>; start = 0; await state.get_state() = None; await state.get_data() = {}
[02.09.2024 01:55:09 | INFO]: CreateOrEditProfile.get_height | message.chat.id = 5303844536; message.from_user.username = 'telesozd'; await state.get_state() = 'CreateOrEditProfileStatesGroup:height'; await state.get_data() = {'start': 0, 'func': <function after_imt_count at 0x0000015308CAFEC0>}
[02.09.2024 01:55:14 | INFO]: CreateOrEditProfile.get_weight | message.chat.id = 5303844536; message.from_user.username = 'telesozd'; await state.get_state() = 'CreateOrEditProfileStatesGroup:weight'; await state.get_data() = {'start': 0, 'func': <function after_imt_count at 0x0000015308CAFEC0>, 'height': 1.8}
[02.09.2024 01:55:14 | INFO]: after_imt_count | message.chat.id = 5303844536; message.from_user.username = 'dollowdfilmbot'; await state.get_data() = {}
[02.09.2024 01:55:14 | INFO]: imt_count | callmes.chat.id = 5303844536; callmes.from_user.username = 'dollowdfilmbot'; await state.get_data() = {}
[02.09.2024 01:55:14 | INFO]: send_mailing | Не админ; chat_id = 5303844536; user_id = 1; mailing = None
[02.09.2024 01:55:20 | INFO]: person_calories | callmes.message.chat.id = 5303844536; callmes.from_user.username = 'telesozd'; callmes.data = 'person_calories'
[02.09.2024 01:55:22 | INFO]: to_menu | callback.message.chat.id = 5303844536; callback.from_user.username = 'telesozd'; callback.data = 'menu'; await state.get_data() = {}
[02.09.2024 01:57:03 | INFO]: Stop polling...
[02.09.2024 01:57:03 | WARNING]: Goodbye!
[02.09.2024 02:15:47 | INFO]: Adding job tentatively -- it will be properly scheduled when the scheduler starts
[02.09.2024 02:15:47 | INFO]: Added job "<lambda>" to job store "default"
[02.09.2024 02:15:47 | INFO]: Scheduler started
[02.09.2024 02:15:50 | INFO]: Bot: CaloAssistant [@CaloAssistantbot]
[02.09.2024 02:15:50 | WARNING]: Updates were skipped successfully.
[02.09.2024 02:15:50 | INFO]: 🚀 Бот успешно запущен!
[02.09.2024 02:15:50 | INFO]: Start polling.
[02.09.2024 02:15:58 | INFO]: start | message.chat.id = 5303844536; message.from_user.username = 'telesozd'; await state.get_data() = {}
[02.09.2024 02:16:34 | INFO]: about_us | callback.message.chat.id = 5303844536; callback.from_user.username = 'telesozd'; callback.data = 'about_us'
[02.09.2024 02:16:40 | INFO]: to_menu | callback.message.chat.id = 5303844536; callback.from_user.username = 'telesozd'; callback.data = 'menu'; await state.get_data() = {}
[02.09.2024 02:16:42 | INFO]: stats | callback.message.chat.id = 5303844536; callback.from_user.username = 'telesozd'; callback.data = 'stats'
[02.09.2024 02:16:44 | INFO]: count_of_users | callback.message.chat.id = 5303844536; callback.from_user.username = 'telesozd'; callback.data = 'count_of_users'
[02.09.2024 02:16:44 | INFO]: Using categorical units to plot a list of strings that are all parsable as floats or dates. If these strings should be plotted as numbers, cast to the appropriate data type before plotting.
[02.09.2024 02:16:44 | INFO]: Using categorical units to plot a list of strings that are all parsable as floats or dates. If these strings should be plotted as numbers, cast to the appropriate data type before plotting.
[02.09.2024 02:16:49 | INFO]: to_menu_photo | callback.message.chat.id = 5303844536; callback.from_user.username = 'telesozd'; callback.data = 'stats_photo'
[02.09.2024 02:16:50 | INFO]: main_stats | callback.message.chat.id = 5303844536; callback.from_user.username = 'telesozd'; callback.data = 'main_stats'
[02.09.2024 02:16:58 | INFO]: stats | callback.message.chat.id = 5303844536; callback.from_user.username = 'telesozd'; callback.data = 'stats'
[02.09.2024 02:17:05 | INFO]: Stop polling...
[02.09.2024 02:17:05 | WARNING]: Goodbye!
[02.09.2024 02:17:28 | INFO]: Adding job tentatively -- it will be properly scheduled when the scheduler starts
[02.09.2024 02:17:28 | INFO]: Added job "<lambda>" to job store "default"
[02.09.2024 02:17:28 | INFO]: Scheduler started
[02.09.2024 02:17:29 | INFO]: Bot: CaloAssistant [@CaloAssistantbot]
[02.09.2024 02:17:29 | WARNING]: Updates were skipped successfully.
[02.09.2024 02:17:29 | INFO]: 🚀 Бот успешно запущен!
[02.09.2024 02:17:29 | INFO]: Start polling.
[02.09.2024 02:17:37 | INFO]: to_menu | callback.message.chat.id = 5303844536; callback.from_user.username = 'telesozd'; callback.data = 'menu'; await state.get_data() = {}
[02.09.2024 02:17:39 | INFO]: about_us | callback.message.chat.id = 5303844536; callback.from_user.username = 'telesozd'; callback.data = 'about_us'
[02.09.2024 02:17:44 | INFO]: to_menu | callback.message.chat.id = 5303844536; callback.from_user.username = 'telesozd'; callback.data = 'menu'; await state.get_data() = {}
[02.09.2024 02:17:46 | INFO]: stats | callback.message.chat.id = 5303844536; callback.from_user.username = 'telesozd'; callback.data = 'stats'
[02.09.2024 02:17:48 | INFO]: count_of_users | callback.message.chat.id = 5303844536; callback.from_user.username = 'telesozd'; callback.data = 'count_of_users'
[02.09.2024 02:17:48 | INFO]: Using categorical units to plot a list of strings that are all parsable as floats or dates. If these strings should be plotted as numbers, cast to the appropriate data type before plotting.
[02.09.2024 02:17:48 | INFO]: Using categorical units to plot a list of strings that are all parsable as floats or dates. If these strings should be plotted as numbers, cast to the appropriate data type before plotting.
[02.09.2024 02:18:13 | INFO]: Stop polling...
[02.09.2024 02:18:13 | WARNING]: Goodbye!
[02.09.2024 02:18:16 | INFO]: Adding job tentatively -- it will be properly scheduled when the scheduler starts
[02.09.2024 02:18:16 | INFO]: Added job "<lambda>" to job store "default"
[02.09.2024 02:18:16 | INFO]: Scheduler started
[02.09.2024 02:18:16 | INFO]: Bot: CaloAssistant [@CaloAssistantbot]
[02.09.2024 02:18:17 | WARNING]: Updates were skipped successfully.
[02.09.2024 02:18:17 | INFO]: 🚀 Бот успешно запущен!
[02.09.2024 02:18:17 | INFO]: Start polling.
[02.09.2024 02:18:19 | INFO]: to_menu_photo | callback.message.chat.id = 5303844536; callback.from_user.username = 'telesozd'; callback.data = 'stats_photo'
[02.09.2024 02:18:21 | INFO]: count_of_users | callback.message.chat.id = 5303844536; callback.from_user.username = 'telesozd'; callback.data = 'count_of_users'
[02.09.2024 02:18:21 | INFO]: Using categorical units to plot a list of strings that are all parsable as floats or dates. If these strings should be plotted as numbers, cast to the appropriate data type before plotting.
[02.09.2024 02:18:21 | INFO]: Using categorical units to plot a list of strings that are all parsable as floats or dates. If these strings should be plotted as numbers, cast to the appropriate data type before plotting.
[02.09.2024 02:18:24 | INFO]: to_menu_photo | callback.message.chat.id = 5303844536; callback.from_user.username = 'telesozd'; callback.data = 'stats_photo'
[02.09.2024 02:18:25 | INFO]: main_stats | callback.message.chat.id = 5303844536; callback.from_user.username = 'telesozd'; callback.data = 'main_stats'
[02.09.2024 02:18:32 | INFO]: stats | callback.message.chat.id = 5303844536; callback.from_user.username = 'telesozd'; callback.data = 'stats'
[02.09.2024 02:18:33 | INFO]: to_menu | callback.message.chat.id = 5303844536; callback.from_user.username = 'telesozd'; callback.data = 'menu'; await state.get_data() = {}
[02.09.2024 02:18:36 | INFO]: product_calories | callback.message.chat.id = 5303844536; callback.from_user.username = 'telesozd'; callback.data = 'product_calories'
[02.09.2024 02:18:38 | INFO]: recipes_menu | callback.message.chat.id = 5303844536; callback.from_user.username = 'telesozd'; callback.data = 'recipes'; await state.get_data() = {}
[02.09.2024 02:18:40 | INFO]: recipes_categories1 | callback.message.chat.id = 5303844536; callback.from_user.username = 'telesozd'; callback.data = 'recipescategories_0_0'; await state.get_data() = {}
[02.09.2024 02:18:41 | INFO]: recipes | callback.message.chat.id = 5303844536; callback.from_user.username = 'telesozd'; callback.data = 'recipes_1_0'; await state.get_data() = {'recipes_categories': {'paginator': <paginators.Paginator object at 0x000001930E09E290>, 'page': 0}}
[02.09.2024 02:18:43 | INFO]: item_recipes | callback.message.chat.id = 5303844536; callback.from_user.username = 'telesozd'; callback.data = 'itemrecipes_1_0'; await state.get_data() = {'recipes_categories': {'paginator': <paginators.Paginator object at 0x000001930E09D650>, 'page': 0}, 'recipes': {'1': {'paginator': <paginators.Paginator object at 0x000001930E09DB10>, 'page': 0}}}
[02.09.2024 02:18:45 | INFO]: recipes | callback.message.chat.id = 5303844536; callback.from_user.username = 'telesozd'; callback.data = 'recipes_1_0'; await state.get_data() = {'recipes_categories': {'paginator': <paginators.Paginator object at 0x000001930E0AB850>, 'page': 0}, 'recipes': {'1': {'paginator': <paginators.Paginator object at 0x000001930E0AA150>, 'page': 0}}, 'item_recipes': {'1': {'paginator': <paginators.Paginator object at 0x000001930E0AAED0>}}}
[02.09.2024 02:18:47 | INFO]: item_recipes | callback.message.chat.id = 5303844536; callback.from_user.username = 'telesozd'; callback.data = 'itemrecipes_1_1'; await state.get_data() = {'recipes_categories': {'paginator': <paginators.Paginator object at 0x000001930E0AB990>, 'page': 0}, 'recipes': {'1': {'paginator': <paginators.Paginator object at 0x000001930E0A9910>, 'page': 0}}, 'item_recipes': {'1': {'paginator': <paginators.Paginator object at 0x000001930E0A8D90>}}}
[02.09.2024 02:18:54 | INFO]: recipes | callback.message.chat.id = 5303844536; callback.from_user.username = 'telesozd'; callback.data = 'recipes_1_0'; await state.get_data() = {'recipes_categories': {'paginator': <paginators.Paginator object at 0x000001930E14E550>, 'page': 0}, 'recipes': {'1': {'paginator': <paginators.Paginator object at 0x000001930E14F510>, 'page': 0}}, 'item_recipes': {'1': {'paginator': <paginators.Paginator object at 0x000001930E14E190>}}}
[02.09.2024 02:18:56 | INFO]: recipes_categories1 | callback.message.chat.id = 5303844536; callback.from_user.username = 'telesozd'; callback.data = 'recipescategories_0_0'; await state.get_data() = {'recipes_categories': {'paginator': <paginators.Paginator object at 0x000001930E14C050>, 'page': 0}, 'recipes': {'1': {'paginator': <paginators.Paginator object at 0x000001930E14EBD0>, 'page': 0}}, 'item_recipes': {'1': {'paginator': <paginators.Paginator object at 0x000001930E14EFD0>}}}
[02.09.2024 02:18:58 | INFO]: recipes | callback.message.chat.id = 5303844536; callback.from_user.username = 'telesozd'; callback.data = 'recipes_2_0'; await state.get_data() = {'recipes_categories': {'paginator': <paginators.Paginator object at 0x000001930CE08490>, 'page': 0}, 'recipes': {'1': {'paginator': <paginators.Paginator object at 0x000001930CE09150>, 'page': 0}}, 'item_recipes': {'1': {'paginator': <paginators.Paginator object at 0x000001930CE0AB90>}}}
[02.09.2024 02:18:59 | INFO]: item_recipes | callback.message.chat.id = 5303844536; callback.from_user.username = 'telesozd'; callback.data = 'itemrecipes_2_0'; await state.get_data() = {'recipes_categories': {'paginator': <paginators.Paginator object at 0x000001930CE0AC50>, 'page': 0}, 'recipes': {'1': {'paginator': <paginators.Paginator object at 0x000001930CE0B0D0>, 'page': 0}, '2': {'paginator': <paginators.Paginator object at 0x000001930CE08C50>, 'page': 0}}, 'item_recipes': {'1': {'paginator': <paginators.Paginator object at 0x000001930CE0AFD0>}}}
[02.09.2024 02:19:01 | INFO]: recipes | callback.message.chat.id = 5303844536; callback.from_user.username = 'telesozd'; callback.data = 'recipes_2_0'; await state.get_data() = {'recipes_categories': {'paginator': <paginators.Paginator object at 0x000001930CE0B990>, 'page': 0}, 'recipes': {'1': {'paginator': <paginators.Paginator object at 0x000001930CE095D0>, 'page': 0}, '2': {'paginator': <paginators.Paginator object at 0x000001930CE0B290>, 'page': 0}}, 'item_recipes': {'1': {'paginator': <paginators.Paginator object at 0x000001930CE0ADD0>}, '2': {'paginator': <paginators.Paginator object at 0x000001930E14F390>}}}
[02.09.2024 02:19:02 | INFO]: item_recipes | callback.message.chat.id = 5303844536; callback.from_user.username = 'telesozd'; callback.data = 'itemrecipes_2_5'; await state.get_data() = {'recipes_categories': {'paginator': <paginators.Paginator object at 0x000001930CE0B850>, 'page': 0}, 'recipes': {'1': {'paginator': <paginators.Paginator object at 0x000001930CE0B790>, 'page': 0}, '2': {'paginator': <paginators.Paginator object at 0x000001930CE095D0>, 'page': 0}}, 'item_recipes': {'1': {'paginator': <paginators.Paginator object at 0x000001930CE09090>}, '2': {'paginator': <paginators.Paginator object at 0x000001930E0625D0>}}}
[02.09.2024 02:19:04 | INFO]: recipes | callback.message.chat.id = 5303844536; callback.from_user.username = 'telesozd'; callback.data = 'recipes_2_0'; await state.get_data() = {'recipes_categories': {'paginator': <paginators.Paginator object at 0x000001930CE89890>, 'page': 0}, 'recipes': {'1': {'paginator': <paginators.Paginator object at 0x000001930CE89250>, 'page': 0}, '2': {'paginator': <paginators.Paginator object at 0x000001930CE8BF10>, 'page': 0}}, 'item_recipes': {'1': {'paginator': <paginators.Paginator object at 0x000001930CE8BC90>}, '2': {'paginator': <paginators.Paginator object at 0x000001930CE89690>}}}
[02.09.2024 02:19:06 | INFO]: recipes_categories1 | callback.message.chat.id = 5303844536; callback.from_user.username = 'telesozd'; callback.data = 'recipescategories_0_0'; await state.get_data() = {'recipes_categories': {'paginator': <paginators.Paginator object at 0x000001930CF089D0>, 'page': 0}, 'recipes': {'1': {'paginator': <paginators.Paginator object at 0x000001930CF09E10>, 'page': 0}, '2': {'paginator': <paginators.Paginator object at 0x000001930CF0A090>, 'page': 0}}, 'item_recipes': {'1': {'paginator': <paginators.Paginator object at 0x000001930CF0B3D0>}, '2': {'paginator': <paginators.Paginator object at 0x000001930CF0A050>}}}
[02.09.2024 02:19:07 | INFO]: recipes | callback.message.chat.id = 5303844536; callback.from_user.username = 'telesozd'; callback.data = 'recipes_6_0'; await state.get_data() = {'recipes_categories': {'paginator': <paginators.Paginator object at 0x000001930CF09E10>, 'page': 0}, 'recipes': {'1': {'paginator': <paginators.Paginator object at 0x000001930CF0AE90>, 'page': 0}, '2': {'paginator': <paginators.Paginator object at 0x000001930CF09C50>, 'page': 0}}, 'item_recipes': {'1': {'paginator': <paginators.Paginator object at 0x000001930CF0BB50>}, '2': {'paginator': <paginators.Paginator object at 0x000001930CF089D0>}}}
[02.09.2024 02:19:08 | INFO]: item_recipes | callback.message.chat.id = 5303844536; callback.from_user.username = 'telesozd'; callback.data = 'itemrecipes_6_0'; await state.get_data() = {'recipes_categories': {'paginator': <paginators.Paginator object at 0x000001930CF1C650>, 'page': 0}, 'recipes': {'1': {'paginator': <paginators.Paginator object at 0x000001930CF1D510>, 'page': 0}, '2': {'paginator': <paginators.Paginator object at 0x000001930CF1E350>, 'page': 0}, '6': {'paginator': <paginators.Paginator object at 0x000001930CF1D0D0>, 'page': 0}}, 'item_recipes': {'1': {'paginator': <paginators.Paginator object at 0x000001930CF1DB10>}, '2': {'paginator': <paginators.Paginator object at 0x000001930CF1E590>}}}
[02.09.2024 02:19:10 | INFO]: recipes | callback.message.chat.id = 5303844536; callback.from_user.username = 'telesozd'; callback.data = 'recipes_6_0'; await state.get_data() = {'recipes_categories': {'paginator': <paginators.Paginator object at 0x000001930CF1DB90>, 'page': 0}, 'recipes': {'1': {'paginator': <paginators.Paginator object at 0x000001930CF1F390>, 'page': 0}, '2': {'paginator': <paginators.Paginator object at 0x000001930CF1E350>, 'page': 0}, '6': {'paginator': <paginators.Paginator object at 0x000001930CF1EC50>, 'page': 0}}, 'item_recipes': {'1': {'paginator': <paginators.Paginator object at 0x000001930CF1C810>}, '2': {'paginator': <paginators.Paginator object at 0x000001930CF1F410>}, '6': {'paginator': <paginators.Paginator object at 0x000001930CF1EBD0>}}}
[02.09.2024 02:19:11 | INFO]: item_recipes | callback.message.chat.id = 5303844536; callback.from_user.username = 'telesozd'; callback.data = 'itemrecipes_6_6'; await state.get_data() = {'recipes_categories': {'paginator': <paginators.Paginator object at 0x000001930CF1F2D0>, 'page': 0}, 'recipes': {'1': {'paginator': <paginators.Paginator object at 0x000001930CF1E810>, 'page': 0}, '2': {'paginator': <paginators.Paginator object at 0x000001930CF1F210>, 'page': 0}, '6': {'paginator': <paginators.Paginator object at 0x000001930CF1EC50>, 'page': 0}}, 'item_recipes': {'1': {'paginator': <paginators.Paginator object at 0x000001930CF1E2D0>}, '2': {'paginator': <paginators.Paginator object at 0x000001930CF46610>}, '6': {'paginator': <paginators.Paginator object at 0x000001930CF46250>}}}
[02.09.2024 02:19:14 | INFO]: recipes | callback.message.chat.id = 5303844536; callback.from_user.username = 'telesozd'; callback.data = 'recipes_6_0'; await state.get_data() = {'recipes_categories': {'paginator': <paginators.Paginator object at 0x000001930CF44C90>, 'page': 0}, 'recipes': {'1': {'paginator': <paginators.Paginator object at 0x000001930CF46990>, 'page': 0}, '2': {'paginator': <paginators.Paginator object at 0x000001930CF47C90>, 'page': 0}, '6': {'paginator': <paginators.Paginator object at 0x000001930CF45F10>, 'page': 0}}, 'item_recipes': {'1': {'paginator': <paginators.Paginator object at 0x000001930CF44850>}, '2': {'paginator': <paginators.Paginator object at 0x000001930CF460D0>}, '6': {'paginator': <paginators.Paginator object at 0x000001930CF45ED0>}}}
[02.09.2024 02:19:15 | INFO]: recipes_categories1 | callback.message.chat.id = 5303844536; callback.from_user.username = 'telesozd'; callback.data = 'recipescategories_0_0'; await state.get_data() = {'recipes_categories': {'paginator': <paginators.Paginator object at 0x000001930CF472D0>, 'page': 0}, 'recipes': {'1': {'paginator': <paginators.Paginator object at 0x000001930CF44B50>, 'page': 0}, '2': {'paginator': <paginators.Paginator object at 0x000001930CF476D0>, 'page': 0}, '6': {'paginator': <paginators.Paginator object at 0x000001930CF45350>, 'page': 0}}, 'item_recipes': {'1': {'paginator': <paginators.Paginator object at 0x000001930CF46990>}, '2': {'paginator': <paginators.Paginator object at 0x000001930CF47390>}, '6': {'paginator': <paginators.Paginator object at 0x000001930CE0AC50>}}}
[02.09.2024 02:19:17 | INFO]: recipes_menu | callback.message.chat.id = 5303844536; callback.from_user.username = 'telesozd'; callback.data = 'recipes'; await state.get_data() = {'recipes_categories': {'paginator': <paginators.Paginator object at 0x000001930CF6E490>, 'page': 0}, 'recipes': {'1': {'paginator': <paginators.Paginator object at 0x000001930CF6D950>, 'page': 0}, '2': {'paginator': <paginators.Paginator object at 0x000001930CF6C450>, 'page': 0}, '6': {'paginator': <paginators.Paginator object at 0x000001930CF6EE50>, 'page': 0}}, 'item_recipes': {'1': {'paginator': <paginators.Paginator object at 0x000001930CF6E1D0>}, '2': {'paginator': <paginators.Paginator object at 0x000001930CF6DB90>}, '6': {'paginator': <paginators.Paginator object at 0x000001930CF6C290>}}}
[02.09.2024 02:19:19 | INFO]: search_recipes | callback.message.chat.id = 5303844536; callback.from_user.username = 'telesozd'; callback.data = 'search_recipes'
[02.09.2024 02:19:19 | INFO]: SearchRecipes.start | callback.message.chat.id = 5303844536; callback.from_user.username = 'telesozd'; callback.data = 'search_recipes'
[02.09.2024 02:19:21 | INFO]: SearchRecipes.get_q | message.chat.id = 5303844536; message.from_user.username = 'telesozd'; await state.get_state() = 'SearchRecipesStatesGroup:q'; await state.get_data() = {}
[02.09.2024 02:19:21 | INFO]: SearchRecipes.cancel | Пользователь нажал "Отмена"; message.chat.id = 5303844536; message.from_user.username = 'telesozd'; await state.get_state() = 'SearchRecipesStatesGroup:q'; await state.get_data() = {}
[02.09.2024 02:19:21 | INFO]: send_mailing | Не админ; chat_id = 5303844536; user_id = 1; mailing = None
[02.09.2024 02:19:25 | INFO]: recipes_categories1 | callback.message.chat.id = 5303844536; callback.from_user.username = 'telesozd'; callback.data = 'recipescategories_0_0'; await state.get_data() = {}
[02.09.2024 02:19:28 | INFO]: recipes | callback.message.chat.id = 5303844536; callback.from_user.username = 'telesozd'; callback.data = 'recipes_3_0'; await state.get_data() = {'recipes_categories': {'paginator': <paginators.Paginator object at 0x000001930CF79250>, 'page': 0}}
[02.09.2024 02:19:29 | INFO]: item_recipes | callback.message.chat.id = 5303844536; callback.from_user.username = 'telesozd'; callback.data = 'itemrecipes_3_3'; await state.get_data() = {'recipes_categories': {'paginator': <paginators.Paginator object at 0x000001930CF7B950>, 'page': 0}, 'recipes': {'3': {'paginator': <paginators.Paginator object at 0x000001930CF7AF90>, 'page': 0}}}
[02.09.2024 02:19:33 | INFO]: recipes | callback.message.chat.id = 5303844536; callback.from_user.username = 'telesozd'; callback.data = 'recipes_3_0'; await state.get_data() = {'recipes_categories': {'paginator': <paginators.Paginator object at 0x000001930CF7ADD0>, 'page': 0}, 'recipes': {'3': {'paginator': <paginators.Paginator object at 0x000001930C8E3410>, 'page': 0}}, 'item_recipes': {'3': {'paginator': <paginators.Paginator object at 0x000001930CF7A7D0>}}}
[02.09.2024 02:19:35 | INFO]: recipes | callback.message.chat.id = 5303844536; callback.from_user.username = 'telesozd'; callback.data = 'recipes_3_1'; await state.get_data() = {'recipes_categories': {'paginator': <paginators.Paginator object at 0x000001930E0EB850>, 'page': 0}, 'recipes': {'3': {'paginator': <paginators.Paginator object at 0x000001930E0EB6D0>, 'page': 0}}, 'item_recipes': {'3': {'paginator': <paginators.Paginator object at 0x000001930E0EBBD0>}}}
[02.09.2024 02:19:37 | INFO]: recipes | callback.message.chat.id = 5303844536; callback.from_user.username = 'telesozd'; callback.data = 'recipes_3_2'; await state.get_data() = {'recipes_categories': {'paginator': <paginators.Paginator object at 0x000001930E0E8550>, 'page': 0}, 'recipes': {'3': {'paginator': <paginators.Paginator object at 0x000001930E0EB7D0>, 'page': 1}}, 'item_recipes': {'3': {'paginator': <paginators.Paginator object at 0x000001930E0EAF10>}}}
[02.09.2024 02:19:38 | INFO]: item_recipes | callback.message.chat.id = 5303844536; callback.from_user.username = 'telesozd'; callback.data = 'itemrecipes_3_16'; await state.get_data() = {'recipes_categories': {'paginator': <paginators.Paginator object at 0x000001930E0EBA10>, 'page': 0}, 'recipes': {'3': {'paginator': <paginators.Paginator object at 0x000001930E117C50>, 'page': 2}}, 'item_recipes': {'3': {'paginator': <paginators.Paginator object at 0x000001930E115E10>}}}
[02.09.2024 02:19:45 | INFO]: item_recipes | callback.message.chat.id = 5303844536; callback.from_user.username = 'telesozd'; callback.data = 'itemrecipes_3_15'; await state.get_data() = {'recipes_categories': {'paginator': <paginators.Paginator object at 0x000001930E1173D0>, 'page': 0}, 'recipes': {'3': {'paginator': <paginators.Paginator object at 0x000001930E116FD0>, 'page': 2}}, 'item_recipes': {'3': {'paginator': <paginators.Paginator object at 0x000001930E114F10>}}}
[02.09.2024 02:19:46 | INFO]: item_recipes | callback.message.chat.id = 5303844536; callback.from_user.username = 'telesozd'; callback.data = 'itemrecipes_3_14'; await state.get_data() = {'recipes_categories': {'paginator': <paginators.Paginator object at 0x000001930E117A50>, 'page': 0}, 'recipes': {'3': {'paginator': <paginators.Paginator object at 0x000001930E116BD0>, 'page': 1}}, 'item_recipes': {'3': {'paginator': <paginators.Paginator object at 0x000001930E1151D0>}}}
[02.09.2024 02:19:47 | INFO]: item_recipes | callback.message.chat.id = 5303844536; callback.from_user.username = 'telesozd'; callback.data = 'itemrecipes_3_13'; await state.get_data() = {'recipes_categories': {'paginator': <paginators.Paginator object at 0x000001930E114490>, 'page': 0}, 'recipes': {'3': {'paginator': <paginators.Paginator object at 0x000001930E1171D0>, 'page': 1}}, 'item_recipes': {'3': {'paginator': <paginators.Paginator object at 0x000001930E115D90>}}}
[02.09.2024 02:19:49 | INFO]: item_recipes | callback.message.chat.id = 5303844536; callback.from_user.username = 'telesozd'; callback.data = 'itemrecipes_3_12'; await state.get_data() = {'recipes_categories': {'paginator': <paginators.Paginator object at 0x000001930E114490>, 'page': 0}, 'recipes': {'3': {'paginator': <paginators.Paginator object at 0x000001930E1151D0>, 'page': 1}}, 'item_recipes': {'3': {'paginator': <paginators.Paginator object at 0x000001930E117C90>}}}
[02.09.2024 02:19:50 | INFO]: item_recipes | callback.message.chat.id = 5303844536; callback.from_user.username = 'telesozd'; callback.data = 'itemrecipes_3_11'; await state.get_data() = {'recipes_categories': {'paginator': <paginators.Paginator object at 0x000001930E12DA90>, 'page': 0}, 'recipes': {'3': {'paginator': <paginators.Paginator object at 0x000001930E123FD0>, 'page': 1}}, 'item_recipes': {'3': {'paginator': <paginators.Paginator object at 0x000001930E123E10>}}}
[02.09.2024 02:19:51 | INFO]: item_recipes | callback.message.chat.id = 5303844536; callback.from_user.username = 'telesozd'; callback.data = 'itemrecipes_3_10'; await state.get_data() = {'recipes_categories': {'paginator': <paginators.Paginator object at 0x000001930E0EBB10>, 'page': 0}, 'recipes': {'3': {'paginator': <paginators.Paginator object at 0x000001930E0E9910>, 'page': 1}}, 'item_recipes': {'3': {'paginator': <paginators.Paginator object at 0x000001930E0EAF10>}}}
[02.09.2024 02:19:52 | INFO]: item_recipes | callback.message.chat.id = 5303844536; callback.from_user.username = 'telesozd'; callback.data = 'itemrecipes_3_9'; await state.get_data() = {'recipes_categories': {'paginator': <paginators.Paginator object at 0x000001930E0EA150>, 'page': 0}, 'recipes': {'3': {'paginator': <paginators.Paginator object at 0x000001930E0EB310>, 'page': 1}}, 'item_recipes': {'3': {'paginator': <paginators.Paginator object at 0x000001930E0EA290>}}}
[02.09.2024 02:19:54 | INFO]: item_recipes | callback.message.chat.id = 5303844536; callback.from_user.username = 'telesozd'; callback.data = 'itemrecipes_3_8'; await state.get_data() = {'recipes_categories': {'paginator': <paginators.Paginator object at 0x000001930E0E9210>, 'page': 0}, 'recipes': {'3': {'paginator': <paginators.Paginator object at 0x000001930CF45B50>, 'page': 1}}, 'item_recipes': {'3': {'paginator': <paginators.Paginator object at 0x000001930CF46AD0>}}}
[02.09.2024 02:19:59 | INFO]: item_recipes | callback.message.chat.id = 5303844536; callback.from_user.username = 'telesozd'; callback.data = 'itemrecipes_3_7'; await state.get_data() = {'recipes_categories': {'paginator': <paginators.Paginator object at 0x000001930CF45D50>, 'page': 0}, 'recipes': {'3': {'paginator': <paginators.Paginator object at 0x000001930CF46F10>, 'page': 1}}, 'item_recipes': {'3': {'paginator': <paginators.Paginator object at 0x000001930CF44590>}}}
[02.09.2024 02:20:00 | INFO]: item_recipes | callback.message.chat.id = 5303844536; callback.from_user.username = 'telesozd'; callback.data = 'itemrecipes_3_6'; await state.get_data() = {'recipes_categories': {'paginator': <paginators.Paginator object at 0x000001930E0E9250>, 'page': 0}, 'recipes': {'3': {'paginator': <paginators.Paginator object at 0x000001930E0E8390>, 'page': 0}}, 'item_recipes': {'3': {'paginator': <paginators.Paginator object at 0x000001930E0EBC50>}}}
[02.09.2024 02:20:01 | INFO]: item_recipes | callback.message.chat.id = 5303844536; callback.from_user.username = 'telesozd'; callback.data = 'itemrecipes_3_5'; await state.get_data() = {'recipes_categories': {'paginator': <paginators.Paginator object at 0x000001930CF44ED0>, 'page': 0}, 'recipes': {'3': {'paginator': <paginators.Paginator object at 0x000001930CF09850>, 'page': 0}}, 'item_recipes': {'3': {'paginator': <paginators.Paginator object at 0x000001930CF45C10>}}}
[02.09.2024 02:20:02 | INFO]: item_recipes | callback.message.chat.id = 5303844536; callback.from_user.username = 'telesozd'; callback.data = 'itemrecipes_3_4'; await state.get_data() = {'recipes_categories': {'paginator': <paginators.Paginator object at 0x000001930CE8B0D0>, 'page': 0}, 'recipes': {'3': {'paginator': <paginators.Paginator object at 0x000001930CF098D0>, 'page': 0}}, 'item_recipes': {'3': {'paginator': <paginators.Paginator object at 0x000001930CE8B2D0>}}}
[02.09.2024 02:20:03 | INFO]: item_recipes | callback.message.chat.id = 5303844536; callback.from_user.username = 'telesozd'; callback.data = 'itemrecipes_3_3'; await state.get_data() = {'recipes_categories': {'paginator': <paginators.Paginator object at 0x000001930CF088D0>, 'page': 0}, 'recipes': {'3': {'paginator': <paginators.Paginator object at 0x000001930CF09AD0>, 'page': 0}}, 'item_recipes': {'3': {'paginator': <paginators.Paginator object at 0x000001930CF0B1D0>}}}
[02.09.2024 02:20:04 | INFO]: item_recipes | callback.message.chat.id = 5303844536; callback.from_user.username = 'telesozd'; callback.data = 'itemrecipes_3_2'; await state.get_data() = {'recipes_categories': {'paginator': <paginators.Paginator object at 0x000001930CE0B350>, 'page': 0}, 'recipes': {'3': {'paginator': <paginators.Paginator object at 0x000001930CE08090>, 'page': 0}}, 'item_recipes': {'3': {'paginator': <paginators.Paginator object at 0x000001930CE0B250>}}}
[02.09.2024 02:20:05 | INFO]: item_recipes | callback.message.chat.id = 5303844536; callback.from_user.username = 'telesozd'; callback.data = 'itemrecipes_3_1'; await state.get_data() = {'recipes_categories': {'paginator': <paginators.Paginator object at 0x000001930CE0AA90>, 'page': 0}, 'recipes': {'3': {'paginator': <paginators.Paginator object at 0x000001930CE09890>, 'page': 0}}, 'item_recipes': {'3': {'paginator': <paginators.Paginator object at 0x000001930CE08950>}}}
[02.09.2024 02:20:06 | INFO]: item_recipes | callback.message.chat.id = 5303844536; callback.from_user.username = 'telesozd'; callback.data = 'itemrecipes_3_0'; await state.get_data() = {'recipes_categories': {'paginator': <paginators.Paginator object at 0x000001930E14D1D0>, 'page': 0}, 'recipes': {'3': {'paginator': <paginators.Paginator object at 0x000001930E14C710>, 'page': 0}}, 'item_recipes': {'3': {'paginator': <paginators.Paginator object at 0x000001930E14DAD0>}}}
[02.09.2024 02:20:10 | INFO]: item_recipes | callback.message.chat.id = 5303844536; callback.from_user.username = 'telesozd'; callback.data = 'itemrecipes_3_1'; await state.get_data() = {'recipes_categories': {'paginator': <paginators.Paginator object at 0x000001930CF45790>, 'page': 0}, 'recipes': {'3': {'paginator': <paginators.Paginator object at 0x000001930CF46110>, 'page': 0}}, 'item_recipes': {'3': {'paginator': <paginators.Paginator object at 0x000001930CF47350>}}}
[02.09.2024 02:20:11 | INFO]: item_recipes | callback.message.chat.id = 5303844536; callback.from_user.username = 'telesozd'; callback.data = 'itemrecipes_3_2'; await state.get_data() = {'recipes_categories': {'paginator': <paginators.Paginator object at 0x000001930CF45A50>, 'page': 0}, 'recipes': {'3': {'paginator': <paginators.Paginator object at 0x000001930CF46310>, 'page': 0}}, 'item_recipes': {'3': {'paginator': <paginators.Paginator object at 0x000001930CF44B90>}}}
[02.09.2024 02:20:12 | INFO]: item_recipes | callback.message.chat.id = 5303844536; callback.from_user.username = 'telesozd'; callback.data = 'itemrecipes_3_3'; await state.get_data() = {'recipes_categories': {'paginator': <paginators.Paginator object at 0x000001930CF46650>, 'page': 0}, 'recipes': {'3': {'paginator': <paginators.Paginator object at 0x000001930CF47B90>, 'page': 0}}, 'item_recipes': {'3': {'paginator': <paginators.Paginator object at 0x000001930CF47FD0>}}}
[02.09.2024 02:20:15 | INFO]: to_menu | callback.message.chat.id = 5303844536; callback.from_user.username = 'telesozd'; callback.data = 'menu'; await state.get_data() = {'recipes_categories': {'paginator': <paginators.Paginator object at 0x000001930CE89790>, 'page': 0}, 'recipes': {'3': {'paginator': <paginators.Paginator object at 0x000001930AB56010>, 'page': 0}}, 'item_recipes': {'3': {'paginator': <paginators.Paginator object at 0x000001930CE89D50>}}}
[02.09.2024 02:20:20 | INFO]: product_calories | callback.message.chat.id = 5303844536; callback.from_user.username = 'telesozd'; callback.data = 'product_calories'
[02.09.2024 02:20:24 | INFO]: products_menu | callback.message.chat.id = 5303844536; callback.from_user.username = 'telesozd'; callback.data = 'products'; await state.get_data() = {}
[02.09.2024 02:20:25 | INFO]: products_categories1 | callback.message.chat.id = 5303844536; callback.from_user.username = 'telesozd'; callback.data = 'productscategories1_0_0'; await state.get_data() = {}
[02.09.2024 02:20:27 | INFO]: products_categories2 | callback.message.chat.id = 5303844536; callback.from_user.username = 'telesozd'; callback.data = 'productscategories2_1_0'; await state.get_data() = {'categories_1': {'paginator': <paginators.Paginator object at 0x000001930E14EB50>, 'page': 0}}
[02.09.2024 02:20:28 | INFO]: products | callback.message.chat.id = 5303844536; callback.from_user.username = 'telesozd'; callback.data = 'products_1_0'; await state.get_data() = {'categories_1': {'paginator': <paginators.Paginator object at 0x000001930E14F590>, 'page': 0}, 'categories_2': {'1': {'paginator': <paginators.Paginator object at 0x000001930E0E8610>, 'page': 0}}}
[02.09.2024 02:20:30 | INFO]: item_products | callback.message.chat.id = 5303844536; callback.from_user.username = 'telesozd'; callback.data = 'itemproducts_1_0'; await state.get_data() = {'categories_1': {'paginator': <paginators.Paginator object at 0x000001930E14E110>, 'page': 0}, 'categories_2': {'1': {'paginator': <paginators.Paginator object at 0x000001930E14E650>, 'page': 0}}, 'products': {'1': {'paginator': <paginators.Paginator object at 0x000001930E14F0D0>, 'page': 0}}}
[02.09.2024 02:20:33 | INFO]: item_products | callback.message.chat.id = 5303844536; callback.from_user.username = 'telesozd'; callback.data = 'itemproducts_1_1'; await state.get_data() = {'categories_1': {'paginator': <paginators.Paginator object at 0x000001930E14E350>, 'page': 0}, 'categories_2': {'1': {'paginator': <paginators.Paginator object at 0x000001930E0E9690>, 'page': 0}}, 'products': {'1': {'paginator': <paginators.Paginator object at 0x000001930E0EB1D0>, 'page': 0}}, 'item_products': {'1': {'paginator': <paginators.Paginator object at 0x000001930E0EB910>}}}
[02.09.2024 02:20:34 | INFO]: item_products | callback.message.chat.id = 5303844536; callback.from_user.username = 'telesozd'; callback.data = 'itemproducts_1_2'; await state.get_data() = {'categories_1': {'paginator': <paginators.Paginator object at 0x000001930CE0BD90>, 'page': 0}, 'categories_2': {'1': {'paginator': <paginators.Paginator object at 0x000001930CE08950>, 'page': 0}}, 'products': {'1': {'paginator': <paginators.Paginator object at 0x000001930CE09810>, 'page': 0}}, 'item_products': {'1': {'paginator': <paginators.Paginator object at 0x000001930CE0BF50>}}}
[02.09.2024 02:20:35 | INFO]: item_products | callback.message.chat.id = 5303844536; callback.from_user.username = 'telesozd'; callback.data = 'itemproducts_1_3'; await state.get_data() = {'categories_1': {'paginator': <paginators.Paginator object at 0x000001930CE0AF90>, 'page': 0}, 'categories_2': {'1': {'paginator': <paginators.Paginator object at 0x000001930CE08E10>, 'page': 0}}, 'products': {'1': {'paginator': <paginators.Paginator object at 0x000001930CE0BA90>, 'page': 0}}, 'item_products': {'1': {'paginator': <paginators.Paginator object at 0x000001930CE0BBD0>}}}
[02.09.2024 02:20:36 | INFO]: item_products | callback.message.chat.id = 5303844536; callback.from_user.username = 'telesozd'; callback.data = 'itemproducts_1_4'; await state.get_data() = {'categories_1': {'paginator': <paginators.Paginator object at 0x000001930CE0B550>, 'page': 0}, 'categories_2': {'1': {'paginator': <paginators.Paginator object at 0x000001930CE09510>, 'page': 0}}, 'products': {'1': {'paginator': <paginators.Paginator object at 0x000001930CE0B310>, 'page': 0}}, 'item_products': {'1': {'paginator': <paginators.Paginator object at 0x000001930CE08390>}}}
[02.09.2024 02:20:38 | INFO]: item_products | callback.message.chat.id = 5303844536; callback.from_user.username = 'telesozd'; callback.data = 'itemproducts_1_5'; await state.get_data() = {'categories_1': {'paginator': <paginators.Paginator object at 0x000001930CE0AF50>, 'page': 0}, 'categories_2': {'1': {'paginator': <paginators.Paginator object at 0x000001930E050390>, 'page': 0}}, 'products': {'1': {'paginator': <paginators.Paginator object at 0x000001930E051AD0>, 'page': 0}}, 'item_products': {'1': {'paginator': <paginators.Paginator object at 0x000001930E051D10>}}}
[02.09.2024 02:20:39 | INFO]: item_products | callback.message.chat.id = 5303844536; callback.from_user.username = 'telesozd'; callback.data = 'itemproducts_1_6'; await state.get_data() = {'categories_1': {'paginator': <paginators.Paginator object at 0x000001930C909FD0>, 'page': 0}, 'categories_2': {'1': {'paginator': <paginators.Paginator object at 0x000001930C909950>, 'page': 0}}, 'products': {'1': {'paginator': <paginators.Paginator object at 0x000001930C909B90>, 'page': 0}}, 'item_products': {'1': {'paginator': <paginators.Paginator object at 0x000001930C90AED0>}}}
[02.09.2024 02:20:40 | INFO]: to_menu | callback.message.chat.id = 5303844536; callback.from_user.username = 'telesozd'; callback.data = 'menu'; await state.get_data() = {'categories_1': {'paginator': <paginators.Paginator object at 0x000001930C7557D0>, 'page': 0}, 'categories_2': {'1': {'paginator': <paginators.Paginator object at 0x000001930CE0BED0>, 'page': 0}}, 'products': {'1': {'paginator': <paginators.Paginator object at 0x000001930CE0AB10>, 'page': 0}}, 'item_products': {'1': {'paginator': <paginators.Paginator object at 0x000001930CE0A810>}}}
[02.09.2024 02:20:41 | INFO]: product_calories | callback.message.chat.id = 5303844536; callback.from_user.username = 'telesozd'; callback.data = 'product_calories'
[02.09.2024 02:20:43 | INFO]: products_menu | callback.message.chat.id = 5303844536; callback.from_user.username = 'telesozd'; callback.data = 'products'; await state.get_data() = {}
[02.09.2024 02:20:44 | INFO]: products_categories1 | callback.message.chat.id = 5303844536; callback.from_user.username = 'telesozd'; callback.data = 'productscategories1_0_0'; await state.get_data() = {}
[02.09.2024 02:20:45 | INFO]: products_categories2 | callback.message.chat.id = 5303844536; callback.from_user.username = 'telesozd'; callback.data = 'productscategories2_2_0'; await state.get_data() = {'categories_1': {'paginator': <paginators.Paginator object at 0x000001930E116A90>, 'page': 0}}
[02.09.2024 02:20:47 | INFO]: products | callback.message.chat.id = 5303844536; callback.from_user.username = 'telesozd'; callback.data = 'products_18_0'; await state.get_data() = {'categories_1': {'paginator': <paginators.Paginator object at 0x000001930E117890>, 'page': 0}, 'categories_2': {'2': {'paginator': <paginators.Paginator object at 0x000001930E117E90>, 'page': 0}}}
[02.09.2024 02:20:49 | INFO]: item_products | callback.message.chat.id = 5303844536; callback.from_user.username = 'telesozd'; callback.data = 'itemproducts_18_2'; await state.get_data() = {'categories_1': {'paginator': <paginators.Paginator object at 0x000001930E1144D0>, 'page': 0}, 'categories_2': {'2': {'paginator': <paginators.Paginator object at 0x000001930E116A90>, 'page': 0}}, 'products': {'18': {'paginator': <paginators.Paginator object at 0x000001930E116B50>, 'page': 0}}}
[02.09.2024 02:20:51 | INFO]: item_products | callback.message.chat.id = 5303844536; callback.from_user.username = 'telesozd'; callback.data = 'itemproducts_18_3'; await state.get_data() = {'categories_1': {'paginator': <paginators.Paginator object at 0x000001930E117290>, 'page': 0}, 'categories_2': {'2': {'paginator': <paginators.Paginator object at 0x000001930E117B90>, 'page': 0}}, 'products': {'18': {'paginator': <paginators.Paginator object at 0x000001930E117690>, 'page': 0}}, 'item_products': {'18': {'paginator': <paginators.Paginator object at 0x000001930E1153D0>}}}
[02.09.2024 02:20:52 | INFO]: item_products | callback.message.chat.id = 5303844536; callback.from_user.username = 'telesozd'; callback.data = 'itemproducts_18_4'; await state.get_data() = {'categories_1': {'paginator': <paginators.Paginator object at 0x000001930C6FE390>, 'page': 0}, 'categories_2': {'2': {'paginator': <paginators.Paginator object at 0x000001930E1141D0>, 'page': 0}}, 'products': {'18': {'paginator': <paginators.Paginator object at 0x000001930E1165D0>, 'page': 0}}, 'item_products': {'18': {'paginator': <paginators.Paginator object at 0x000001930CF1D290>}}}
[02.09.2024 02:21:02 | INFO]: Stop polling...
[02.09.2024 02:21:02 | WARNING]: Goodbye!
[02.09.2024 21:48:37 | INFO]: Adding job tentatively -- it will be properly scheduled when the scheduler starts
[02.09.2024 21:48:37 | INFO]: Added job "<lambda>" to job store "default"
[02.09.2024 21:48:37 | INFO]: Scheduler started
[02.09.2024 21:48:37 | INFO]: Bot: CaloAssistant [@CaloAssistantbot]
[02.09.2024 21:48:37 | WARNING]: Updates were skipped successfully.
[02.09.2024 21:48:37 | INFO]: 🚀 Бот успешно запущен!
[02.09.2024 21:48:37 | INFO]: Start polling.
[02.09.2024 21:48:59 | INFO]: update_username | Добавление пользователя. callmes.from_user.id = 6148285387; callmes.from_user.username = None
[02.09.2024 21:49:00 | INFO]: start | message.chat.id = 6148285387; message.from_user.username = None; await state.get_data() = {}
[02.09.2024 21:49:17 | INFO]: person_calories | callmes.message.chat.id = 6148285387; callmes.from_user.username = None; callmes.data = 'person_calories'
[02.09.2024 21:49:22 | INFO]: imt_count | callmes.message.chat.id = 6148285387; callmes.from_user.username = None; callmes.data = 'imt_count'; await state.get_data() = {}
[02.09.2024 21:49:22 | INFO]: CreateOrEditProfile.start | message.chat.id = 6148285387; message.from_user.username = 'CaloAssistantbot'; func = <function after_imt_count at 0x000002177684FEC0>; start = 0; await state.get_state() = None; await state.get_data() = {}
[02.09.2024 21:49:32 | INFO]: CreateOrEditProfile.get_height | message.chat.id = 6148285387; message.from_user.username = None; await state.get_state() = 'CreateOrEditProfileStatesGroup:height'; await state.get_data() = {'start': 0, 'func': <function after_imt_count at 0x000002177684FEC0>}
[02.09.2024 21:49:37 | INFO]: CreateOrEditProfile.get_weight | message.chat.id = 6148285387; message.from_user.username = None; await state.get_state() = 'CreateOrEditProfileStatesGroup:weight'; await state.get_data() = {'start': 0, 'func': <function after_imt_count at 0x000002177684FEC0>, 'height': 1.7}
[02.09.2024 21:49:37 | INFO]: after_imt_count | message.chat.id = 6148285387; message.from_user.username = 'CaloAssistantbot'; await state.get_data() = {}
[02.09.2024 21:49:37 | INFO]: imt_count | callmes.chat.id = 6148285387; callmes.from_user.username = 'CaloAssistantbot'; await state.get_data() = {}
[02.09.2024 21:49:37 | INFO]: send_mailing | Не админ; chat_id = 6148285387; user_id = 2; mailing = None
[02.09.2024 21:49:51 | INFO]: my_profile | callmes.message.chat.id = 6148285387; callmes.from_user.username = None; callmes.data = 'my_profile'; await state.get_data() = {}
[02.09.2024 21:49:58 | INFO]: person_calories | callmes.message.chat.id = 6148285387; callmes.from_user.username = None; callmes.data = 'person_calories'
[02.09.2024 21:50:00 | INFO]: to_menu | callback.message.chat.id = 6148285387; callback.from_user.username = None; callback.data = 'menu'; await state.get_data() = {}
[02.09.2024 21:50:05 | INFO]: product_calories | callback.message.chat.id = 6148285387; callback.from_user.username = None; callback.data = 'product_calories'
[02.09.2024 21:50:09 | INFO]: recipes_menu | callback.message.chat.id = 6148285387; callback.from_user.username = None; callback.data = 'recipes'; await state.get_data() = {}
[02.09.2024 21:50:11 | INFO]: recipes_categories1 | callback.message.chat.id = 6148285387; callback.from_user.username = None; callback.data = 'recipescategories_0_0'; await state.get_data() = {}
[02.09.2024 21:50:14 | INFO]: recipes | callback.message.chat.id = 6148285387; callback.from_user.username = None; callback.data = 'recipes_3_0'; await state.get_data() = {'recipes_categories': {'paginator': <paginators.Paginator object at 0x000002177693EE90>, 'page': 0}}
[02.09.2024 21:50:16 | INFO]: item_recipes | callback.message.chat.id = 6148285387; callback.from_user.username = None; callback.data = 'itemrecipes_3_5'; await state.get_data() = {'recipes_categories': {'paginator': <paginators.Paginator object at 0x000002177693C950>, 'page': 0}, 'recipes': {'3': {'paginator': <paginators.Paginator object at 0x000002177693E610>, 'page': 0}}}
[02.09.2024 21:50:35 | INFO]: item_recipes | callback.message.chat.id = 6148285387; callback.from_user.username = None; callback.data = 'itemrecipes_3_6'; await state.get_data() = {'recipes_categories': {'paginator': <paginators.Paginator object at 0x00000217768C5490>, 'page': 0}, 'recipes': {'3': {'paginator': <paginators.Paginator object at 0x00000217768AD650>, 'page': 0}}, 'item_recipes': {'3': {'paginator': <paginators.Paginator object at 0x00000217768C5DD0>}}}
[02.09.2024 21:50:37 | INFO]: item_recipes | callback.message.chat.id = 6148285387; callback.from_user.username = None; callback.data = 'itemrecipes_3_7'; await state.get_data() = {'recipes_categories': {'paginator': <paginators.Paginator object at 0x0000021776929450>, 'page': 0}, 'recipes': {'3': {'paginator': <paginators.Paginator object at 0x000002177692A490>, 'page': 0}}, 'item_recipes': {'3': {'paginator': <paginators.Paginator object at 0x0000021776929910>}}}
[02.09.2024 21:50:38 | INFO]: item_recipes | callback.message.chat.id = 6148285387; callback.from_user.username = None; callback.data = 'itemrecipes_3_8'; await state.get_data() = {'recipes_categories': {'paginator': <paginators.Paginator object at 0x0000021776931A50>, 'page': 0}, 'recipes': {'3': {'paginator': <paginators.Paginator object at 0x0000021776930490>, 'page': 0}}, 'item_recipes': {'3': {'paginator': <paginators.Paginator object at 0x0000021776932150>}}}
[02.09.2024 21:50:39 | INFO]: item_recipes | callback.message.chat.id = 6148285387; callback.from_user.username = None; callback.data = 'itemrecipes_3_9'; await state.get_data() = {'recipes_categories': {'paginator': <paginators.Paginator object at 0x00000217769409D0>, 'page': 0}, 'recipes': {'3': {'paginator': <paginators.Paginator object at 0x0000021776941FD0>, 'page': 1}}, 'item_recipes': {'3': {'paginator': <paginators.Paginator object at 0x0000021776943BD0>}}}
[02.09.2024 21:50:41 | INFO]: item_recipes | callback.message.chat.id = 6148285387; callback.from_user.username = None; callback.data = 'itemrecipes_3_10'; await state.get_data() = {'recipes_categories': {'paginator': <paginators.Paginator object at 0x00000217769409D0>, 'page': 0}, 'recipes': {'3': {'paginator': <paginators.Paginator object at 0x0000021776942390>, 'page': 1}}, 'item_recipes': {'3': {'paginator': <paginators.Paginator object at 0x0000021776942710>}}}
[02.09.2024 21:50:42 | INFO]: recipes | callback.message.chat.id = 6148285387; callback.from_user.username = None; callback.data = 'recipes_3_1'; await state.get_data() = {'recipes_categories': {'paginator': <paginators.Paginator object at 0x000002177693C190>, 'page': 0}, 'recipes': {'3': {'paginator': <paginators.Paginator object at 0x000002177693EFD0>, 'page': 1}}, 'item_recipes': {'3': {'paginator': <paginators.Paginator object at 0x000002177693C8D0>}}}
[02.09.2024 21:50:44 | INFO]: recipes_categories1 | callback.message.chat.id = 6148285387; callback.from_user.username = None; callback.data = 'recipescategories_0_0'; await state.get_data() = {'recipes_categories': {'paginator': <paginators.Paginator object at 0x00000217768C1810>, 'page': 0}, 'recipes': {'3': {'paginator': <paginators.Paginator object at 0x00000217769BC710>, 'page': 1}}, 'item_recipes': {'3': {'paginator': <paginators.Paginator object at 0x00000217769BFA90>}}}
[02.09.2024 21:50:49 | INFO]: recipes | callback.message.chat.id = 6148285387; callback.from_user.username = None; callback.data = 'recipes_2_0'; await state.get_data() = {'recipes_categories': {'paginator': <paginators.Paginator object at 0x00000217769BE290>, 'page': 0}, 'recipes': {'3': {'paginator': <paginators.Paginator object at 0x0000021776942390>, 'page': 1}}, 'item_recipes': {'3': {'paginator': <paginators.Paginator object at 0x00000217769BC610>}}}
[02.09.2024 21:50:52 | INFO]: item_recipes | callback.message.chat.id = 6148285387; callback.from_user.username = None; callback.data = 'itemrecipes_2_3'; await state.get_data() = {'recipes_categories': {'paginator': <paginators.Paginator object at 0x000002177693CED0>, 'page': 0}, 'recipes': {'3': {'paginator': <paginators.Paginator object at 0x000002177693EE50>, 'page': 1}, '2': {'paginator': <paginators.Paginator object at 0x000002177693CE90>, 'page': 0}}, 'item_recipes': {'3': {'paginator': <paginators.Paginator object at 0x000002177693EA10>}}}
[02.09.2024 21:50:54 | INFO]: item_recipes | callback.message.chat.id = 6148285387; callback.from_user.username = None; callback.data = 'itemrecipes_2_4'; await state.get_data() = {'recipes_categories': {'paginator': <paginators.Paginator object at 0x00000217769C5CD0>, 'page': 0}, 'recipes': {'3': {'paginator': <paginators.Paginator object at 0x00000217769C6E10>, 'page': 1}, '2': {'paginator': <paginators.Paginator object at 0x00000217769C6110>, 'page': 0}}, 'item_recipes': {'3': {'paginator': <paginators.Paginator object at 0x00000217769C6E50>}, '2': {'paginator': <paginators.Paginator object at 0x00000217769C7490>}}}
[02.09.2024 21:50:55 | INFO]: item_recipes | callback.message.chat.id = 6148285387; callback.from_user.username = None; callback.data = 'itemrecipes_2_5'; await state.get_data() = {'recipes_categories': {'paginator': <paginators.Paginator object at 0x00000217769C6350>, 'page': 0}, 'recipes': {'3': {'paginator': <paginators.Paginator object at 0x00000217769C5B90>, 'page': 1}, '2': {'paginator': <paginators.Paginator object at 0x00000217769C7ED0>, 'page': 0}}, 'item_recipes': {'3': {'paginator': <paginators.Paginator object at 0x00000217769C7810>}, '2': {'paginator': <paginators.Paginator object at 0x00000217769C6CD0>}}}
[02.09.2024 21:50:57 | INFO]: item_recipes | callback.message.chat.id = 6148285387; callback.from_user.username = None; callback.data = 'itemrecipes_2_6'; await state.get_data() = {'recipes_categories': {'paginator': <paginators.Paginator object at 0x0000021776943A90>, 'page': 0}, 'recipes': {'3': {'paginator': <paginators.Paginator object at 0x00000217768C5010>, 'page': 1}, '2': {'paginator': <paginators.Paginator object at 0x00000217768C7ED0>, 'page': 0}}, 'item_recipes': {'3': {'paginator': <paginators.Paginator object at 0x0000021776942790>}, '2': {'paginator': <paginators.Paginator object at 0x00000217768C5B50>}}}
[02.09.2024 21:50:58 | INFO]: item_recipes | callback.message.chat.id = 6148285387; callback.from_user.username = None; callback.data = 'itemrecipes_2_7'; await state.get_data() = {'recipes_categories': {'paginator': <paginators.Paginator object at 0x00000217769C6350>, 'page': 0}, 'recipes': {'3': {'paginator': <paginators.Paginator object at 0x00000217769C6ED0>, 'page': 1}, '2': {'paginator': <paginators.Paginator object at 0x00000217769C55D0>, 'page': 0}}, 'item_recipes': {'3': {'paginator': <paginators.Paginator object at 0x00000217769C6E10>}, '2': {'paginator': <paginators.Paginator object at 0x00000217768E6E10>}}}
[02.09.2024 21:50:59 | INFO]: item_recipes | callback.message.chat.id = 6148285387; callback.from_user.username = None; callback.data = 'itemrecipes_2_8'; await state.get_data() = {'recipes_categories': {'paginator': <paginators.Paginator object at 0x00000217769C78D0>, 'page': 0}, 'recipes': {'3': {'paginator': <paginators.Paginator object at 0x00000217769C4690>, 'page': 1}, '2': {'paginator': <paginators.Paginator object at 0x00000217769C6B50>, 'page': 0}}, 'item_recipes': {'3': {'paginator': <paginators.Paginator object at 0x00000217769C5C90>}, '2': {'paginator': <paginators.Paginator object at 0x00000217769C5450>}}}
[02.09.2024 21:51:01 | INFO]: item_recipes | callback.message.chat.id = 6148285387; callback.from_user.username = None; callback.data = 'itemrecipes_2_9'; await state.get_data() = {'recipes_categories': {'paginator': <paginators.Paginator object at 0x00000217769C5C90>, 'page': 0}, 'recipes': {'3': {'paginator': <paginators.Paginator object at 0x00000217769BE550>, 'page': 1}, '2': {'paginator': <paginators.Paginator object at 0x00000217769BF050>, 'page': 1}}, 'item_recipes': {'3': {'paginator': <paginators.Paginator object at 0x00000217768EEB10>}, '2': {'paginator': <paginators.Paginator object at 0x000002177692A310>}}}
[02.09.2024 21:51:09 | INFO]: item_recipes | callback.message.chat.id = 6148285387; callback.from_user.username = None; callback.data = 'itemrecipes_2_10'; await state.get_data() = {'recipes_categories': {'paginator': <paginators.Paginator object at 0x0000021776ACD350>, 'page': 0}, 'recipes': {'3': {'paginator': <paginators.Paginator object at 0x0000021776ACD8D0>, 'page': 1}, '2': {'paginator': <paginators.Paginator object at 0x0000021776ACFED0>, 'page': 1}}, 'item_recipes': {'3': {'paginator': <paginators.Paginator object at 0x0000021776ACC8D0>}, '2': {'paginator': <paginators.Paginator object at 0x0000021776ACE910>}}}
[02.09.2024 21:51:10 | INFO]: item_recipes | callback.message.chat.id = 6148285387; callback.from_user.username = None; callback.data = 'itemrecipes_2_11'; await state.get_data() = {'recipes_categories': {'paginator': <paginators.Paginator object at 0x0000021776ACF910>, 'page': 0}, 'recipes': {'3': {'paginator': <paginators.Paginator object at 0x0000021776ABA2D0>, 'page': 1}, '2': {'paginator': <paginators.Paginator object at 0x0000021776ABA390>, 'page': 1}}, 'item_recipes': {'3': {'paginator': <paginators.Paginator object at 0x0000021776AB8050>}, '2': {'paginator': <paginators.Paginator object at 0x0000021776AD8C50>}}}
[02.09.2024 21:51:11 | INFO]: item_recipes | callback.message.chat.id = 6148285387; callback.from_user.username = None; callback.data = 'itemrecipes_2_12'; await state.get_data() = {'recipes_categories': {'paginator': <paginators.Paginator object at 0x0000021776AD9BD0>, 'page': 0}, 'recipes': {'3': {'paginator': <paginators.Paginator object at 0x0000021776AD8950>, 'page': 1}, '2': {'paginator': <paginators.Paginator object at 0x0000021776AD8590>, 'page': 1}}, 'item_recipes': {'3': {'paginator': <paginators.Paginator object at 0x00000217769BE550>}, '2': {'paginator': <paginators.Paginator object at 0x0000021776AD9190>}}}
[02.09.2024 21:51:12 | INFO]: recipes | callback.message.chat.id = 6148285387; callback.from_user.username = None; callback.data = 'recipes_2_1'; await state.get_data() = {'recipes_categories': {'paginator': <paginators.Paginator object at 0x0000021776ACE250>, 'page': 0}, 'recipes': {'3': {'paginator': <paginators.Paginator object at 0x0000021776AE1410>, 'page': 1}, '2': {'paginator': <paginators.Paginator object at 0x0000021776AE3A90>, 'page': 1}}, 'item_recipes': {'3': {'paginator': <paginators.Paginator object at 0x000002177692ADD0>}, '2': {'paginator': <paginators.Paginator object at 0x0000021776AE3550>}}}
[02.09.2024 21:51:15 | INFO]: recipes_categories1 | callback.message.chat.id = 6148285387; callback.from_user.username = None; callback.data = 'recipescategories_0_0'; await state.get_data() = {'recipes_categories': {'paginator': <paginators.Paginator object at 0x0000021776AE1350>, 'page': 0}, 'recipes': {'3': {'paginator': <paginators.Paginator object at 0x0000021776AE2C50>, 'page': 1}, '2': {'paginator': <paginators.Paginator object at 0x0000021776AE08D0>, 'page': 1}}, 'item_recipes': {'3': {'paginator': <paginators.Paginator object at 0x0000021776AE0590>}, '2': {'paginator': <paginators.Paginator object at 0x0000021776AE1B90>}}}
[02.09.2024 21:51:18 | INFO]: recipes_menu | callback.message.chat.id = 6148285387; callback.from_user.username = None; callback.data = 'recipes'; await state.get_data() = {'recipes_categories': {'paginator': <paginators.Paginator object at 0x0000021776AE8350>, 'page': 0}, 'recipes': {'3': {'paginator': <paginators.Paginator object at 0x0000021776AEA050>, 'page': 1}, '2': {'paginator': <paginators.Paginator object at 0x0000021776AE8410>, 'page': 1}}, 'item_recipes': {'3': {'paginator': <paginators.Paginator object at 0x0000021776AEBB10>}, '2': {'paginator': <paginators.Paginator object at 0x0000021776AEA9D0>}}}
[02.09.2024 21:51:20 | INFO]: product_calories | callback.message.chat.id = 6148285387; callback.from_user.username = None; callback.data = 'product_calories'
[02.09.2024 21:51:23 | INFO]: diary | callback.message.chat.id = 6148285387; callback.from_user.username = None; callback.data = 'diary'
[02.09.2024 21:51:28 | INFO]: product_calories | callback.message.chat.id = 6148285387; callback.from_user.username = None; callback.data = 'product_calories'
[02.09.2024 21:51:30 | INFO]: to_menu | callback.message.chat.id = 6148285387; callback.from_user.username = None; callback.data = 'menu'; await state.get_data() = {}
[02.09.2024 21:51:33 | INFO]: person_calories | callmes.message.chat.id = 6148285387; callmes.from_user.username = None; callmes.data = 'person_calories'
[02.09.2024 21:51:36 | INFO]: calories_count | callmes.message.chat.id = 6148285387; callmes.from_user.username = None; callmes.data = 'calories_count'; await state.get_data() = {}
[02.09.2024 21:51:36 | INFO]: CreateOrEditProfile.start | message.chat.id = 6148285387; message.from_user.username = 'CaloAssistantbot'; func = <function after_calories_count at 0x000002177684FB00>; start = 2; await state.get_state() = None; await state.get_data() = {}
[02.09.2024 21:51:38 | INFO]: CreateOrEditProfile.get_gender | callback.message.chat.id = 6148285387; callback.from_user.username = None; callback.data = 'female'; await state.get_state() = 'CreateOrEditProfileStatesGroup:gender'; await state.get_data() = {'start': 2, 'func': <function after_calories_count at 0x000002177684FB00>}
[02.09.2024 21:52:07 | INFO]: CreateOrEditProfile.get_age | mescal.chat.id = 6148285387; mescal.from_user.username = None; await state.get_state() = 'CreateOrEditProfileStatesGroup:age'; await state.get_data() = {'start': 2, 'func': <function after_calories_count at 0x000002177684FB00>, 'gender': 'female'}
[02.09.2024 21:52:18 | INFO]: CreateOrEditProfile.get_level_of_activities | callback.message.chat.id = 6148285387; callback.from_user.username = None; callback.data = '3'; await state.get_state() = 'CreateOrEditProfileStatesGroup:level_of_activities'; data = {'start': 2, 'func': <function after_calories_count at 0x000002177684FB00>, 'gender': 'female', 'age': None, 'born_date': datetime.date(1977, 9, 24)}
[02.09.2024 21:52:18 | INFO]: after_calories_count | callmes.message.chat.id = 6148285387; callmes.from_user.username = None; callmes.data = '3'; await state.get_data() = {}
[02.09.2024 21:52:18 | INFO]: calories_count | callmes.message.chat.id = 6148285387; callmes.from_user.username = None; callmes.data = '3'; await state.get_data() = {}
[02.09.2024 21:52:18 | INFO]: send_mailing | Не админ; chat_id = 6148285387; user_id = 2; mailing = None
[02.09.2024 21:52:33 | INFO]: my_profile | callmes.message.chat.id = 6148285387; callmes.from_user.username = None; callmes.data = 'my_profile'; await state.get_data() = {}
[02.09.2024 21:52:38 | INFO]: person_calories | callmes.message.chat.id = 6148285387; callmes.from_user.username = None; callmes.data = 'person_calories'
[02.09.2024 21:58:04 | INFO]: update_username | Добавление пользователя. callmes.from_user.id = 5618285935; callmes.from_user.username = None
[02.09.2024 21:58:04 | INFO]: start | message.chat.id = 5618285935; message.from_user.username = None; await state.get_data() = {}
[02.09.2024 21:58:27 | INFO]: person_calories | callmes.message.chat.id = 5618285935; callmes.from_user.username = None; callmes.data = 'person_calories'
[02.09.2024 21:58:33 | INFO]: imt_count | callmes.message.chat.id = 5618285935; callmes.from_user.username = None; callmes.data = 'imt_count'; await state.get_data() = {}
[02.09.2024 21:58:33 | INFO]: CreateOrEditProfile.start | message.chat.id = 5618285935; message.from_user.username = 'CaloAssistantbot'; func = <function after_imt_count at 0x000002177684FEC0>; start = 0; await state.get_state() = None; await state.get_data() = {}
[02.09.2024 21:58:45 | INFO]: CreateOrEditProfile.get_height | message.chat.id = 5618285935; message.from_user.username = None; await state.get_state() = 'CreateOrEditProfileStatesGroup:height'; await state.get_data() = {'start': 0, 'func': <function after_imt_count at 0x000002177684FEC0>}
[02.09.2024 21:58:45 | WARNING]: get_height | Error - ; e.args = ()
[02.09.2024 21:59:06 | INFO]: CreateOrEditProfile.get_height | message.chat.id = 5618285935; message.from_user.username = None; await state.get_state() = 'CreateOrEditProfileStatesGroup:height'; await state.get_data() = {'start': 0, 'func': <function after_imt_count at 0x000002177684FEC0>}
[02.09.2024 21:59:06 | WARNING]: get_height | Error - ; e.args = ()
[02.09.2024 21:59:25 | INFO]: CreateOrEditProfile.get_height | message.chat.id = 5618285935; message.from_user.username = None; await state.get_state() = 'CreateOrEditProfileStatesGroup:height'; await state.get_data() = {'start': 0, 'func': <function after_imt_count at 0x000002177684FEC0>}
[02.09.2024 21:59:25 | WARNING]: get_height | Error - could not convert string to float: '1.58 см'; e.args = ("could not convert string to float: '1.58 см'",)
[02.09.2024 22:22:26 | INFO]: products | callback.message.chat.id = 5303844536; callback.from_user.username = 'telesozd'; callback.data = 'products_18_0'; await state.get_data() = {}
[02.09.2024 22:22:26 | ERROR]: Task exception was never retrieved
future: <Task finished name='Task-315' coro=<Dispatcher._process_polling_updates() done, defined at C:\Users\MSI\AppData\Local\Programs\Python\Python311\Lib\site-packages\aiogram\dispatcher\dispatcher.py:407> exception=KeyError('categories_2')>
Traceback (most recent call last):
  File "C:\Users\MSI\AppData\Local\Programs\Python\Python311\Lib\site-packages\aiogram\dispatcher\dispatcher.py", line 415, in _process_polling_updates
    for responses in itertools.chain.from_iterable(await self.process_updates(updates, fast)):
                                                   ^^^^^^^^^^^^^^^^^^^^^^^^^^^^^^^^^^^^^^^^^
  File "C:\Users\MSI\AppData\Local\Programs\Python\Python311\Lib\site-packages\aiogram\dispatcher\dispatcher.py", line 235, in process_updates
    return await asyncio.gather(*tasks)
           ^^^^^^^^^^^^^^^^^^^^^^^^^^^^
  File "C:\Users\MSI\AppData\Local\Programs\Python\Python311\Lib\site-packages\aiogram\dispatcher\handler.py", line 117, in notify
    response = await handler_obj.handler(*args, **partial_data)
               ^^^^^^^^^^^^^^^^^^^^^^^^^^^^^^^^^^^^^^^^^^^^^^^^
  File "C:\Users\MSI\AppData\Local\Programs\Python\Python311\Lib\site-packages\aiogram\dispatcher\dispatcher.py", line 283, in process_update
    return await self.callback_query_handlers.notify(update.callback_query)
           ^^^^^^^^^^^^^^^^^^^^^^^^^^^^^^^^^^^^^^^^^^^^^^^^^^^^^^^^^^^^^^^^
  File "C:\Users\MSI\AppData\Local\Programs\Python\Python311\Lib\site-packages\aiogram\dispatcher\handler.py", line 117, in notify
    response = await handler_obj.handler(*args, **partial_data)
               ^^^^^^^^^^^^^^^^^^^^^^^^^^^^^^^^^^^^^^^^^^^^^^^^
  File "C:\Users\MSI\Desktop\tgbot\main.py", line 212, in products
    page_categories2 = data["categories_2"][str(db.get_categories_1_id(int(callback.data.split('_')[1])))][
                       ~~~~^^^^^^^^^^^^^^^^
  File "C:\Users\MSI\AppData\Local\Programs\Python\Python311\Lib\site-packages\aiogram\dispatcher\storage.py", line 439, in __getitem__
    return self._data[item]
           ~~~~~~~~~~^^^^^^
KeyError: 'categories_2'
[02.09.2024 22:22:32 | INFO]: text | message.chat.id = 5303844536; message.from_user.username = 'telesozd'
[02.09.2024 22:22:34 | INFO]: text | message.chat.id = 5303844536; message.from_user.username = 'telesozd'
[02.09.2024 22:22:36 | INFO]: start | message.chat.id = 5303844536; message.from_user.username = 'telesozd'; await state.get_data() = {}
[02.09.2024 22:22:39 | INFO]: about_us | callback.message.chat.id = 5303844536; callback.from_user.username = 'telesozd'; callback.data = 'about_us'
[02.09.2024 22:22:41 | INFO]: to_menu | callback.message.chat.id = 5303844536; callback.from_user.username = 'telesozd'; callback.data = 'menu'; await state.get_data() = {}
[02.09.2024 22:22:43 | INFO]: stats | callback.message.chat.id = 5303844536; callback.from_user.username = 'telesozd'; callback.data = 'stats'
[02.09.2024 22:22:44 | INFO]: count_of_users | callback.message.chat.id = 5303844536; callback.from_user.username = 'telesozd'; callback.data = 'count_of_users'
[02.09.2024 22:22:45 | INFO]: Using categorical units to plot a list of strings that are all parsable as floats or dates. If these strings should be plotted as numbers, cast to the appropriate data type before plotting.
[02.09.2024 22:22:45 | INFO]: Using categorical units to plot a list of strings that are all parsable as floats or dates. If these strings should be plotted as numbers, cast to the appropriate data type before plotting.
[02.09.2024 22:22:56 | INFO]: to_menu_photo | callback.message.chat.id = 5303844536; callback.from_user.username = 'telesozd'; callback.data = 'stats_photo'
[02.09.2024 22:22:58 | INFO]: to_menu | callback.message.chat.id = 5303844536; callback.from_user.username = 'telesozd'; callback.data = 'menu'; await state.get_data() = {}
[02.09.2024 22:23:43 | INFO]: update_username | Добавление пользователя. callmes.from_user.id = 5119637136; callmes.from_user.username = 'erikkkk_777'
[02.09.2024 22:23:43 | INFO]: start | message.chat.id = 5119637136; message.from_user.username = 'erikkkk_777'; await state.get_data() = {}
[02.09.2024 22:23:53 | INFO]: product_calories | callback.message.chat.id = 5119637136; callback.from_user.username = 'erikkkk_777'; callback.data = 'product_calories'
[02.09.2024 22:23:55 | INFO]: products_menu | callback.message.chat.id = 5119637136; callback.from_user.username = 'erikkkk_777'; callback.data = 'products'; await state.get_data() = {}
[02.09.2024 22:23:56 | INFO]: products_categories1 | callback.message.chat.id = 5119637136; callback.from_user.username = 'erikkkk_777'; callback.data = 'productscategories1_0_0'; await state.get_data() = {}
[02.09.2024 22:24:00 | INFO]: products_categories2 | callback.message.chat.id = 5119637136; callback.from_user.username = 'erikkkk_777'; callback.data = 'productscategories2_2_0'; await state.get_data() = {'categories_1': {'paginator': <paginators.Paginator object at 0x00000217768C76D0>, 'page': 0}}
[02.09.2024 22:24:01 | INFO]: products | callback.message.chat.id = 5119637136; callback.from_user.username = 'erikkkk_777'; callback.data = 'products_19_0'; await state.get_data() = {'categories_1': {'paginator': <paginators.Paginator object at 0x0000021776B2B9D0>, 'page': 0}, 'categories_2': {'2': {'paginator': <paginators.Paginator object at 0x0000021777AE6D50>, 'page': 0}}}
[02.09.2024 22:24:04 | INFO]: item_products | callback.message.chat.id = 5119637136; callback.from_user.username = 'erikkkk_777'; callback.data = 'itemproducts_19_0'; await state.get_data() = {'categories_1': {'paginator': <paginators.Paginator object at 0x00000217769C62D0>, 'page': 0}, 'categories_2': {'2': {'paginator': <paginators.Paginator object at 0x00000217769C4810>, 'page': 0}}, 'products': {'19': {'paginator': <paginators.Paginator object at 0x00000217769C5710>, 'page': 0}}}
